2022-08-12T00:08:09.092105Z 0 [Warning] [MY-010915] [Server] 'NO_ZERO_DATE', 'NO_ZERO_IN_DATE' and 'ERROR_FOR_DIVISION_BY_ZERO' sql modes should be used with strict mode. They will be merged with strict mode in a future release.
2022-08-12T00:08:09.100451Z 0 [System] [MY-010116] [Server] C:\Program Files\MySQL\MySQL Server 8.0\bin\mysqld.exe (mysqld 8.0.30) starting as process 6828
2022-08-12T00:08:09.149245Z 0 [Warning] [MY-013907] [InnoDB] Deprecated configuration parameters innodb_log_file_size and/or innodb_log_files_in_group have been used to compute innodb_redo_log_capacity=100663296. Please use innodb_redo_log_capacity instead.
2022-08-12T00:08:09.156306Z 1 [System] [MY-013576] [InnoDB] InnoDB initialization has started.
2022-08-12T00:08:11.176201Z 1 [System] [MY-013577] [InnoDB] InnoDB initialization has ended.
2022-08-12T00:08:11.864378Z 0 [Warning] [MY-010068] [Server] CA certificate ca.pem is self signed.
2022-08-12T00:08:11.865100Z 0 [System] [MY-013602] [Server] Channel mysql_main configured to support TLS. Encrypted connections are now supported for this channel.
2022-08-12T00:08:11.921060Z 0 [System] [MY-011323] [Server] X Plugin ready for connections. Bind-address: '::' port: 33060
2022-08-12T00:08:11.921204Z 0 [System] [MY-010931] [Server] C:\Program Files\MySQL\MySQL Server 8.0\bin\mysqld.exe: ready for connections. Version: '8.0.30'  socket: ''  port: 3306  MySQL Community Server - GPL.
2022-08-12T01:18:06.991516Z 0 [System] [MY-013105] [Server] C:\Program Files\MySQL\MySQL Server 8.0\bin\mysqld.exe: Normal shutdown.
2022-08-12T01:18:09.004426Z 0 [Warning] [MY-010909] [Server] C:\Program Files\MySQL\MySQL Server 8.0\bin\mysqld.exe: Forcing close of thread 22  user: 'root'.
2022-08-12T01:18:09.005564Z 0 [Warning] [MY-010909] [Server] C:\Program Files\MySQL\MySQL Server 8.0\bin\mysqld.exe: Forcing close of thread 23  user: 'root'.
2022-08-12T01:18:09.565131Z 0 [System] [MY-010910] [Server] C:\Program Files\MySQL\MySQL Server 8.0\bin\mysqld.exe: Shutdown complete (mysqld 8.0.30)  MySQL Community Server - GPL.
2022-08-12T01:19:17.311481Z 0 [Warning] [MY-010915] [Server] 'NO_ZERO_DATE', 'NO_ZERO_IN_DATE' and 'ERROR_FOR_DIVISION_BY_ZERO' sql modes should be used with strict mode. They will be merged with strict mode in a future release.
2022-08-12T01:19:17.317158Z 0 [System] [MY-010116] [Server] C:\Program Files\MySQL\MySQL Server 8.0\bin\mysqld.exe (mysqld 8.0.30) starting as process 7016
2022-08-12T01:19:17.355735Z 0 [Warning] [MY-013907] [InnoDB] Deprecated configuration parameters innodb_log_file_size and/or innodb_log_files_in_group have been used to compute innodb_redo_log_capacity=100663296. Please use innodb_redo_log_capacity instead.
2022-08-12T01:19:17.360778Z 1 [System] [MY-013576] [InnoDB] InnoDB initialization has started.
2022-08-12T01:19:18.749887Z 1 [System] [MY-013577] [InnoDB] InnoDB initialization has ended.
2022-08-12T01:19:19.339248Z 0 [Warning] [MY-010068] [Server] CA certificate ca.pem is self signed.
2022-08-12T01:19:19.339943Z 0 [System] [MY-013602] [Server] Channel mysql_main configured to support TLS. Encrypted connections are now supported for this channel.
2022-08-12T01:19:19.404124Z 0 [System] [MY-011323] [Server] X Plugin ready for connections. Bind-address: '::' port: 33060
2022-08-12T01:19:19.404252Z 0 [System] [MY-010931] [Server] C:\Program Files\MySQL\MySQL Server 8.0\bin\mysqld.exe: ready for connections. Version: '8.0.30'  socket: ''  port: 3306  MySQL Community Server - GPL.
2022-08-12T01:19:24.047646Z 0 [System] [MY-013105] [Server] C:\Program Files\MySQL\MySQL Server 8.0\bin\mysqld.exe: Normal shutdown.
2022-08-12T01:19:24.382471Z 0 [System] [MY-010910] [Server] C:\Program Files\MySQL\MySQL Server 8.0\bin\mysqld.exe: Shutdown complete (mysqld 8.0.30)  MySQL Community Server - GPL.
